#
# A fatal error has been detected by the Java Runtime Environment:
#
#  SIGSEGV (0xb) at pc=0x0000000000000000, pid=74430, tid=6403
#
# JRE version:  (7.0_40-b43) (build )
# Java VM: Java HotSpot(TM) 64-Bit Server VM (24.0-b56 mixed mode bsd-amd64 compressed oops)
# Problematic frame:
# C  0x0000000000000000
#
# Failed to write core dump. Core dumps have been disabled. To enable core dumping, try "ulimit -c unlimited" before starting Java again
#
# If you would like to submit a bug report, please visit:
#   http://bugreport.sun.com/bugreport/crash.jsp
#

---------------  T H R E A D  ---------------

Current thread (0x00007ff0cb000000):  JavaThread "main" [_thread_in_Java, id=6403, stack(0x000000010c189000,0x00000001c7989000)]

siginfo:si_signo=SIGSEGV: si_errno=0, si_code=1 (SEGV_MAPERR), si_addr=0x0000000000000000

Registers:
RAX=0x0000000000000000, RBX=0x00000001cac145c8, RCX=0x0000000225300da0, RDX=0x0000000000500001
RSP=0x00000001c79875c0, RBP=0x00000001c7987610, RSI=0x0000000000000007, RDI=0x00007ff0cb000000
R8 =0x00007ff0c98012a0, R9 =0x00000000fffffffe, R10=0x000000010bf50eb0, R11=0x00000001cac2be68
R12=0x0000000000000000, R13=0x00000001c79875c8, R14=0x00000001c7987618, R15=0x00007ff0cb000000
RIP=0x0000000000000000, EFLAGS=0x0000000000010246, ERR=0x0000000000000014
  TRAPNO=0x000000000000000e

Top of Stack: (sp=0x00000001c79875c0)
0x00000001c79875c0:   00000001c7a64350 0000000225300da0
0x00000001c79875d0:   00000001c79875d0 00000001cac22d73
0x00000001c79875e0:   00000001c7987618 00000001caca4528
0x00000001c79875f0:   0000000000000000 00000001cac22db0
0x00000001c7987600:   00000001c79875c8 00000001c7987620
0x00000001c7987610:   00000001c7987680 00000001c7a5e50b
0x00000001c7987620:   0000000100001fa0 0000000000000000
0x00000001c7987630:   00007ff0cb000000 00000001c7a5e46f
0x00000001c7987640:   000000000000000a 00007ff0c9801248
0x00000001c7987650:   00000001c7987700 00000001c79877b0
0x00000001c7987660:   000000000000000a 00000001cac22db0
0x00000001c7987670:   00000001c7a6ee40 00000001c79877c0
0x00000001c7987680:   00000001c7987770 000000010ba0c740
0x00000001c7987690:   0000000100000000 00007ff0cb000000
0x00000001c79876a0:   0000004300000000 00000001c79877b0
0x00000001c79876b0:   00ffffff00000000 00000001c7a6ee40
0x00000001c79876c0:   00000001c79877b8 00007ff0cb000000
0x00000001c79876d0:   00007ff0c9800cd0 00007ff0c9801090
0x00000001c79876e0:   00007ff0c9801250 00007ff0c9801478
0x00000001c79876f0:   00000000000003d8 00000001c79879e8
0x00000001c7987700:   00007ff0cb000000 00007ff0c9908e40
0x00000001c7987710:   00000001cac22db0 0000000000000000
0x00000001c7987720:   00000001c79882b0 00000001c7a7148a
0x00000001c7987730:   00000001c7988300 00000001c79877a8
0x00000001c7987740:   00000001c7a6ee40 00007ff0cb000000
0x00000001c7987750:   0000000254fc21da 0000000000000013
0x00000001c7987760:   00000001cac22db0 0000000254fc2100
0x00000001c7987770:   00000001c7987790 000000010ba0c510
0x00000001c7987780:   00000001cac22db0 00007ff0c9801248
0x00000001c7987790:   00000001c7987840 000000010b9e1d17
0x00000001c79877a0:   00000001c79877b0 00007fff0000000e
0x00000001c79877b0:   00007ff0c98011b8 0000000000000000 

Instructions: (pc=0x0000000000000000)
0xffffffffffffffe0:   

Register to memory mapping:

RAX=0x0000000000000000 is an unknown value
RBX=0x00000001cac145c8 is an oop
{method} 
 - klass: {other class}
RCX=0x0000000225300da0 is an oop
java.lang.Class 
 - klass: 'java/lang/Class'
RDX=0x0000000000500001 is an unknown value
RSP=0x00000001c79875c0 is pointing into the stack for thread: 0x00007ff0cb000000
RBP=0x00000001c7987610 is pointing into the stack for thread: 0x00007ff0cb000000
RSI=0x0000000000000007 is an unknown value
RDI=0x00007ff0cb000000 is a thread
R8 =0x00007ff0c98012a0 is an unknown value
R9 =0x00000000fffffffe is an unknown value
R10=0x000000010bf50eb0: _ZN19TemplateInterpreter24_return_3_addrs_by_indexE+0 in /Library/Java/JavaVirtualMachines/jdk1.7.0_40.jdk/Contents/Home/jre/lib/server/libjvm.dylib at 0x000000010b736000
R11=0x00000001cac2be68 is pointing into object: 0x00000001cac2bc78
{instance class} 
 - klass: {other class}
R12=0x0000000000000000 is an unknown value
R13=0x00000001c79875c8 is pointing into the stack for thread: 0x00007ff0cb000000
R14=0x00000001c7987618 is pointing into the stack for thread: 0x00007ff0cb000000
R15=0x00007ff0cb000000 is a thread


Stack: [0x000000010c189000,0x00000001c7989000],  sp=0x00000001c79875c0,  free space=3071993k

---------------  P R O C E S S  ---------------

Java Threads: ( => current thread )
=>0x00007ff0cb000000 JavaThread "main" [_thread_in_Java, id=6403, stack(0x000000010c189000,0x00000001c7989000)]

Other Threads:
  0x00007ff0ca009800 VMThread [stack: 0x0000000256251000,0x0000000256351000] [id=15875]

VM state:not at safepoint (normal execution)

VM Mutex/Monitor currently owned by a thread: None

Heap
 PSYoungGen      total 38912K, used 675K [0x0000000225300000, 0x0000000227e00000, 0x000000024fe00000)
  eden space 33792K, 2% used [0x0000000225300000,0x00000002253a8fc8,0x0000000227400000)
  from space 5120K, 0% used [0x0000000227900000,0x0000000227900000,0x0000000227e00000)
  to   space 5120K, 0% used [0x0000000227400000,0x0000000227400000,0x0000000227900000)
 ParOldGen       total 87040K, used 0K [0x00000001cfe00000, 0x00000001d5300000, 0x0000000225300000)
  object space 87040K, 0% used [0x00000001cfe00000,0x00000001cfe00000,0x00000001d5300000)
 PSPermGen       total 21504K, used 791K [0x00000001cac00000, 0x00000001cc100000, 0x00000001cfe00000)
  object space 21504K, 3% used [0x00000001cac00000,0x00000001cacc5fe8,0x00000001cc100000)

Card table byte_map: [0x000000024fe00000,0x000000025022a000] byte_map_base: 0x000000024efaa000

Polling page: 0x00000001c79c8000

Code Cache  [0x00000001c7a5e000, 0x00000001c7cce000, 0x00000001caa5e000)
 total_blobs=59 nmethods=0 adapters=37 free_code_cache=48826Kb largest_free_block=49997568

Compilation events (0 events):
No events

GC Heap History (0 events):
No events

Deoptimization events (0 events):
No events

Internal exceptions (0 events):
No events

Events (10 events):
Event: 0.021 loading class 0x0000000254fc28f0 done
Event: 0.021 loading class 0x0000000254fc28d0 done
Event: 0.021 loading class 0x0000000254fcfa70
Event: 0.021 loading class 0x0000000254fcfa70 done
Event: 0.021 loading class 0x0000000254fcc770
Event: 0.021 loading class 0x0000000254fcc770 done
Event: 0.021 loading class 0x0000000254fd3950
Event: 0.021 loading class 0x0000000254fd3950 done
Event: 0.021 loading class 0x0000000254fd3980
Event: 0.021 loading class 0x0000000254fd3980 done


Dynamic libraries:
0x000000000a201000 	/System/Library/Frameworks/Cocoa.framework/Versions/A/Cocoa
0x000000000a201000 	/System/Library/Frameworks/Security.framework/Versions/A/Security
0x000000000a201000 	/System/Library/Frameworks/ApplicationServices.framework/Versions/A/ApplicationServices
0x000000000a201000 	/usr/lib/libz.1.dylib
0x000000000a201000 	/usr/lib/libSystem.B.dylib
0x000000000a201000 	/usr/lib/libobjc.A.dylib
0x000000000a201000 	/System/Library/Frameworks/CoreFoundation.framework/Versions/A/CoreFoundation
0x000000000a201000 	/System/Library/Frameworks/Foundation.framework/Versions/C/Foundation
0x000000000a201000 	/System/Library/Frameworks/AppKit.framework/Versions/C/AppKit
0x000000000a201000 	/System/Library/Frameworks/CoreData.framework/Versions/A/CoreData
0x000000000a201000 	/System/Library/PrivateFrameworks/RemoteViewServices.framework/Versions/A/RemoteViewServices
0x000000000a201000 	/System/Library/Frameworks/AudioToolbox.framework/Versions/A/AudioToolbox
0x000000000a201000 	/System/Library/Frameworks/AudioUnit.framework/Versions/A/AudioUnit
0x000000000a201000 	/System/Library/PrivateFrameworks/DataDetectorsCore.framework/Versions/A/DataDetectorsCore
0x000000000a201000 	/System/Library/PrivateFrameworks/DesktopServicesPriv.framework/Versions/A/DesktopServicesPriv
0x000000000a201000 	/System/Library/Frameworks/Carbon.framework/Versions/A/Frameworks/HIToolbox.framework/Versions/A/HIToolbox
0x000000000a201000 	/System/Library/Frameworks/QuartzCore.framework/Versions/A/QuartzCore
0x000000000a201000 	/System/Library/Frameworks/Carbon.framework/Versions/A/Frameworks/SpeechRecognition.framework/Versions/A/SpeechRecognition
0x000000000a201000 	/usr/lib/libauto.dylib
0x000000000a201000 	/usr/lib/libicucore.A.dylib
0x000000000a201000 	/usr/lib/libxml2.2.dylib
0x000000000a201000 	/System/Library/PrivateFrameworks/CoreUI.framework/Versions/A/CoreUI
0x000000000a201000 	/System/Library/Frameworks/CoreAudio.framework/Versions/A/CoreAudio
0x000000000a201000 	/System/Library/Frameworks/DiskArbitration.framework/Versions/A/DiskArbitration
0x000000000a201000 	/usr/lib/liblangid.dylib
0x000000000a201000 	/System/Library/PrivateFrameworks/MultitouchSupport.framework/Versions/A/MultitouchSupport
0x000000000a201000 	/System/Library/Frameworks/IOKit.framework/Versions/A/IOKit
0x000000000a201000 	/usr/lib/libDiagnosticMessagesClient.dylib
0x000000000a201000 	/System/Library/Frameworks/CoreServices.framework/Versions/A/CoreServices
0x000000000a201000 	/System/Library/PrivateFrameworks/PerformanceAnalysis.framework/Versions/A/PerformanceAnalysis
0x000000000a201000 	/System/Library/PrivateFrameworks/GenerationalStorage.framework/Versions/A/GenerationalStorage
0x000000000a201000 	/System/Library/Frameworks/OpenGL.framework/Versions/A/OpenGL
0x000000000a201000 	/System/Library/Frameworks/CoreText.framework/Versions/A/CoreText
0x000000000a201000 	/System/Library/Frameworks/ImageIO.framework/Versions/A/ImageIO
0x000000000a201000 	/System/Library/PrivateFrameworks/Backup.framework/Versions/A/Backup
0x000000000a201000 	/System/Library/Frameworks/CFNetwork.framework/Versions/A/CFNetwork
0x000000000a201000 	/System/Library/Frameworks/SystemConfiguration.framework/Versions/A/SystemConfiguration
0x000000000a201000 	/usr/lib/libCRFSuite.dylib
0x000000000a201000 	/System/Library/PrivateFrameworks/TCC.framework/Versions/A/TCC
0x000000000a201000 	/usr/lib/libc++.1.dylib
0x000000000a201000 	/usr/lib/libc++abi.dylib
0x000000000a201000 	/usr/lib/system/libcache.dylib
0x000000000a201000 	/usr/lib/system/libcommonCrypto.dylib
0x000000000a201000 	/usr/lib/system/libcompiler_rt.dylib
0x000000000a201000 	/usr/lib/system/libcopyfile.dylib
0x000000000a201000 	/usr/lib/system/libdispatch.dylib
0x000000000a201000 	/usr/lib/system/libdnsinfo.dylib
0x000000000a201000 	/usr/lib/system/libdyld.dylib
0x000000000a201000 	/usr/lib/system/libkeymgr.dylib
0x000000000a201000 	/usr/lib/system/liblaunch.dylib
0x000000000a201000 	/usr/lib/system/libmacho.dylib
0x000000000a201000 	/usr/lib/system/libquarantine.dylib
0x000000000a201000 	/usr/lib/system/libremovefile.dylib
0x000000000a201000 	/usr/lib/system/libsystem_blocks.dylib
0x000000000a201000 	/usr/lib/system/libsystem_c.dylib
0x000000000a201000 	/usr/lib/system/libsystem_dnssd.dylib
0x000000000a201000 	/usr/lib/system/libsystem_info.dylib
0x000000000a201000 	/usr/lib/system/libsystem_kernel.dylib
0x000000000a201000 	/usr/lib/system/libsystem_m.dylib
0x000000000a201000 	/usr/lib/system/libsystem_network.dylib
0x000000000a201000 	/usr/lib/system/libsystem_notify.dylib
0x000000000a201000 	/usr/lib/system/libsystem_sandbox.dylib
0x000000000a201000 	/usr/lib/system/libunc.dylib
0x000000000a201000 	/usr/lib/system/libunwind.dylib
0x000000000a201000 	/usr/lib/system/libxpc.dylib
0x000000000a201000 	/usr/lib/system/libcorecrypto.dylib
0x000000000a201000 	/usr/lib/libstdc++.6.dylib
0x000000000a201000 	/usr/lib/libbsm.0.dylib
0x000000000a201000 	/usr/lib/libsqlite3.dylib
0x000000000a201000 	/usr/lib/libxar.1.dylib
0x000000000a201000 	/usr/lib/libpam.2.dylib
0x000000000a201000 	/usr/lib/libOpenScriptingUtil.dylib
0x000000000a201000 	/usr/lib/libbz2.1.0.dylib
0x000000000a201000 	/System/Library/Frameworks/CoreServices.framework/Versions/A/Frameworks/CarbonCore.framework/Versions/A/CarbonCore
0x000000000a201000 	/System/Library/Frameworks/CoreServices.framework/Versions/A/Frameworks/Metadata.framework/Versions/A/Metadata
0x000000000a201000 	/System/Library/Frameworks/CoreServices.framework/Versions/A/Frameworks/OSServices.framework/Versions/A/OSServices
0x000000000a201000 	/System/Library/Frameworks/CoreServices.framework/Versions/A/Frameworks/SearchKit.framework/Versions/A/SearchKit
0x000000000a201000 	/System/Library/Frameworks/CoreServices.framework/Versions/A/Frameworks/AE.framework/Versions/A/AE
0x000000000a201000 	/System/Library/Frameworks/CoreServices.framework/Versions/A/Frameworks/LaunchServices.framework/Versions/A/LaunchServices
0x000000000a201000 	/System/Library/Frameworks/CoreServices.framework/Versions/A/Frameworks/DictionaryServices.framework/Versions/A/DictionaryServices
0x000000000a201000 	/System/Library/Frameworks/NetFS.framework/Versions/A/NetFS
0x000000000a201000 	/usr/lib/system/libkxld.dylib
0x000000000a201000 	/System/Library/PrivateFrameworks/NetAuth.framework/Versions/A/NetAuth
0x000000000a201000 	/System/Library/Frameworks/OpenDirectory.framework/Versions/A/Frameworks/CFOpenDirectory.framework/Versions/A/CFOpenDirectory
0x000000000a201000 	/usr/lib/libxslt.1.dylib
0x000000000a201000 	/System/Library/PrivateFrameworks/FamilyControls.framework/Versions/A/FamilyControls
0x000000000a201000 	/System/Library/Frameworks/Carbon.framework/Versions/A/Frameworks/Ink.framework/Versions/A/Ink
0x000000000a201000 	/System/Library/Frameworks/ApplicationServices.framework/Versions/A/Frameworks/CoreGraphics.framework/Versions/A/CoreGraphics
0x000000000a201000 	/System/Library/Frameworks/ApplicationServices.framework/Versions/A/Frameworks/ATS.framework/Versions/A/ATS
0x000000000a201000 	/System/Library/Frameworks/ApplicationServices.framework/Versions/A/Frameworks/ColorSync.framework/Versions/A/ColorSync
0x000000000a201000 	/System/Library/Frameworks/ApplicationServices.framework/Versions/A/Frameworks/HIServices.framework/Versions/A/HIServices
0x000000000a201000 	/System/Library/Frameworks/ApplicationServices.framework/Versions/A/Frameworks/LangAnalysis.framework/Versions/A/LangAnalysis
0x000000000a201000 	/System/Library/Frameworks/ApplicationServices.framework/Versions/A/Frameworks/PrintCore.framework/Versions/A/PrintCore
0x000000000a201000 	/System/Library/Frameworks/ApplicationServices.framework/Versions/A/Frameworks/QD.framework/Versions/A/QD
0x000000000a201000 	/System/Library/Frameworks/ApplicationServices.framework/Versions/A/Frameworks/SpeechSynthesis.framework/Versions/A/SpeechSynthesis
0x000000000a201000 	/System/Library/Frameworks/IOSurface.framework/Versions/A/IOSurface
0x000000000a201000 	/System/Library/Frameworks/Accelerate.framework/Versions/A/Accelerate
0x000000000a201000 	/System/Library/Frameworks/ApplicationServices.framework/Versions/A/Frameworks/ATS.framework/Versions/A/Resources/libFontParser.dylib
0x000000000a201000 	/System/Library/Frameworks/ApplicationServices.framework/Versions/A/Frameworks/ATS.framework/Versions/A/Resources/libFontRegistry.dylib
0x000000000a201000 	/System/Library/Frameworks/Accelerate.framework/Versions/A/Frameworks/vImage.framework/Versions/A/vImage
0x000000000a201000 	/System/Library/Frameworks/Accelerate.framework/Versions/A/Frameworks/vecLib.framework/Versions/A/vecLib
0x000000000a201000 	/System/Library/Frameworks/Accelerate.framework/Versions/A/Frameworks/vecLib.framework/Versions/A/libvDSP.dylib
0x000000000a201000 	/System/Library/Frameworks/Accelerate.framework/Versions/A/Frameworks/vecLib.framework/Versions/A/libvMisc.dylib
0x000000000a201000 	/System/Library/Frameworks/Accelerate.framework/Versions/A/Frameworks/vecLib.framework/Versions/A/libLAPACK.dylib
0x000000000a201000 	/System/Library/Frameworks/Accelerate.framework/Versions/A/Frameworks/vecLib.framework/Versions/A/libBLAS.dylib
0x000000000a201000 	/System/Library/Frameworks/ImageIO.framework/Versions/A/Resources/libJPEG.dylib
0x000000000a201000 	/System/Library/Frameworks/ImageIO.framework/Versions/A/Resources/libTIFF.dylib
0x000000000a201000 	/System/Library/Frameworks/ImageIO.framework/Versions/A/Resources/libPng.dylib
0x000000000a201000 	/System/Library/Frameworks/ImageIO.framework/Versions/A/Resources/libGIF.dylib
0x000000000a201000 	/System/Library/Frameworks/ImageIO.framework/Versions/A/Resources/libJP2.dylib
0x000000000a201000 	/System/Library/Frameworks/ImageIO.framework/Versions/A/Resources/libRadiance.dylib
0x000000000a201000 	/usr/lib/libcups.2.dylib
0x000000000a201000 	/System/Library/Frameworks/Kerberos.framework/Versions/A/Kerberos
0x000000000a201000 	/System/Library/Frameworks/GSS.framework/Versions/A/GSS
0x000000000a201000 	/usr/lib/libresolv.9.dylib
0x000000000a201000 	/usr/lib/libiconv.2.dylib
0x000000000a201000 	/System/Library/PrivateFrameworks/Heimdal.framework/Versions/A/Heimdal
0x000000000a201000 	/System/Library/PrivateFrameworks/TrustEvaluationAgent.framework/Versions/A/TrustEvaluationAgent
0x000000000a201000 	/System/Library/Frameworks/OpenDirectory.framework/Versions/A/OpenDirectory
0x000000000a201000 	/System/Library/PrivateFrameworks/CommonAuth.framework/Versions/A/CommonAuth
0x000000000a201000 	/System/Library/PrivateFrameworks/Bom.framework/Versions/A/Bom
0x000000000a201000 	/System/Library/Frameworks/CoreVideo.framework/Versions/A/CoreVideo
0x000000000a201000 	/System/Library/Frameworks/QuartzCore.framework/Versions/A/Frameworks/CoreImage.framework/Versions/A/CoreImage
0x000000000a201000 	/System/Library/Frameworks/QuartzCore.framework/Versions/A/Frameworks/ScalableUserInterface.framework/Versions/A/ScalableUserInterface
0x000000000a201000 	/System/Library/Frameworks/OpenGL.framework/Versions/A/Libraries/libGLU.dylib
0x000000000a201000 	/System/Library/Frameworks/OpenGL.framework/Versions/A/Libraries/libGFXShared.dylib
0x000000000a201000 	/System/Library/Frameworks/OpenGL.framework/Versions/A/Libraries/libGL.dylib
0x000000000a201000 	/System/Library/Frameworks/OpenGL.framework/Versions/A/Libraries/libGLImage.dylib
0x000000000a201000 	/System/Library/Frameworks/OpenGL.framework/Versions/A/Libraries/libCVMSPluginSupport.dylib
0x000000000a201000 	/System/Library/Frameworks/OpenGL.framework/Versions/A/Libraries/libCoreVMClient.dylib
0x000000000a201000 	/System/Library/PrivateFrameworks/CrashReporterSupport.framework/Versions/A/CrashReporterSupport
0x000000000a201000 	/System/Library/Frameworks/OpenCL.framework/Versions/A/OpenCL
0x000000000a201000 	/System/Library/PrivateFrameworks/FaceCoreLight.framework/Versions/A/FaceCoreLight
0x000000000a201000 	/System/Library/PrivateFrameworks/AppleFSCompression.framework/Versions/A/AppleFSCompression
0x000000000a201000 	/System/Library/PrivateFrameworks/Ubiquity.framework/Versions/A/Ubiquity
0x000000000a201000 	/System/Library/Frameworks/ServiceManagement.framework/Versions/A/ServiceManagement
0x000000000a201000 	/System/Library/PrivateFrameworks/ChunkingLibrary.framework/Versions/A/ChunkingLibrary
0x000000000a201000 	/System/Library/Frameworks/vecLib.framework/Versions/A/vecLib
0x000000000a201000 	/System/Library/Frameworks/SecurityFoundation.framework/Versions/A/SecurityFoundation
0x000000000a201000 	/System/Library/PrivateFrameworks/CommerceKit.framework/Versions/A/Frameworks/CommerceCore.framework/Versions/A/CommerceCore
0x000000000a201000 	/System/Library/PrivateFrameworks/CoreSymbolication.framework/Versions/A/CoreSymbolication
0x000000000a201000 	/System/Library/PrivateFrameworks/Symbolication.framework/Versions/A/Symbolication
0x000000000a201000 	/System/Library/PrivateFrameworks/DebugSymbols.framework/Versions/A/DebugSymbols
0x000000010b736000 	/Library/Java/JavaVirtualMachines/jdk1.7.0_40.jdk/Contents/Home/jre/lib/server/libjvm.dylib
0x00000001c798b000 	/Library/Java/JavaVirtualMachines/jdk1.7.0_40.jdk/Contents/Home/jre/lib/libverify.dylib
0x00000001c7998000 	/Library/Java/JavaVirtualMachines/jdk1.7.0_40.jdk/Contents/Home/jre/lib/libjava.dylib
0x00000001c7a55000 	/Library/Java/JavaVirtualMachines/jdk1.7.0_40.jdk/Contents/Home/jre/lib/libzip.dylib

VM Arguments:
jvm_args: -Xss3000m -Dfile.encoding=UTF-8 
java_command: gui.Main -t
Launcher Type: SUN_STANDARD

Environment Variables:
PATH=/usr/bin:/bin:/usr/sbin:/sbin
SHELL=/bin/bash

Signal Handlers:
SIGSEGV: [libjvm.dylib+0x524b25], sa_mask[0]=0xfffefeff, sa_flags=0x00000043
SIGBUS: [libjvm.dylib+0x524b25], sa_mask[0]=0xfffefeff, sa_flags=0x00000042
SIGFPE: [libjvm.dylib+0x4180e6], sa_mask[0]=0xfffefeff, sa_flags=0x00000042
SIGPIPE: [libjvm.dylib+0x4180e6], sa_mask[0]=0xfffefeff, sa_flags=0x00000042
SIGXFSZ: [libjvm.dylib+0x4180e6], sa_mask[0]=0xfffefeff, sa_flags=0x00000042
SIGILL: [libjvm.dylib+0x4180e6], sa_mask[0]=0xfffefeff, sa_flags=0x00000042
SIGUSR1: SIG_DFL, sa_mask[0]=0x00000000, sa_flags=0x00000002
SIGUSR2: [libjvm.dylib+0x417bd8], sa_mask[0]=0x00000004, sa_flags=0x00000042
SIGHUP: SIG_DFL, sa_mask[0]=0xfffefeff, sa_flags=0x00000042
SIGINT: SIG_DFL, sa_mask[0]=0xfffefeff, sa_flags=0x00000042
SIGTERM: SIG_DFL, sa_mask[0]=0xfffefeff, sa_flags=0x00000042
SIGQUIT: SIG_DFL, sa_mask[0]=0xfffefeff, sa_flags=0x00000042


---------------  S Y S T E M  ---------------

OS:Bsduname:Darwin 12.5.0 Darwin Kernel Version 12.5.0: Sun Sep 29 13:33:47 PDT 2013; root:xnu-2050.48.12~1/RELEASE_X86_64 x86_64
rlimit: STACK 8192k, CORE 0k, NPROC 709, NOFILE 10240, AS infinity
load average:2.71 4.35 4.45

CPU:total 4 (2 cores per cpu, 2 threads per core) family 6 model 58 stepping 9, cmov, cx8, fxsr, mmx, sse, sse2, sse3, ssse3, sse4.1, sse4.2, popcnt, avx, aes, erms, ht, tsc, tscinvbit, tscinv

Memory: 4k page, physical 8388608k(2097152k free)

/proc/meminfo:


vm_info: Java HotSpot(TM) 64-Bit Server VM (24.0-b56) for bsd-amd64 JRE (1.7.0_40-b43), built on Aug 26 2013 21:29:19 by "java_re" with gcc 4.2.1 (Based on Apple Inc. build 5658) (LLVM build 2336.11.00)

time: Thu Oct 24 13:55:33 2013
elapsed time: 0 seconds

